<?xml version="1.0" encoding="UTF-8"?>
<!-- Generated by org.testng.reporters.JUnitReportReporter -->
<testsuite hostname="Users-MacBook-Air.local" failures="0" tests="2" name="ctcorp.iviewAPI.testCase.APIcase" time="3.791" errors="0" timestamp="2022-08-15T01:18:30 WIB" skipped="0">
  <testcase classname="ctcorp.iviewAPI.testCase.APIcase" name="TC01" time="3.166"/>
  <system-out/>
  <testcase classname="ctcorp.iviewAPI.testCase.APIcase" name="TC02" time="0.625"/>
  <system-out/>
</testsuite> <!-- ctcorp.iviewAPI.testCase.APIcase -->
